<?xml version="1.0" encoding="UTF-8" ?>
<testsuites errors="1"
            failures="1"
            tests="1">

  <testsuite name="test"
    errors="1" failures="1" hostname="" id="" package="test" skipped="0"
    tests="1" time="13.12" timestamp="">
  
    <testcase name="Submit Regular Payment" classname="test" time="13.12" assertions="1">  <failure message="Timed out while waiting for element &lt;#your-zakat-calculation&gt; to be present for 5000 milliseconds. - expected [0;32m&#34;visible&#34;[0m but got: [0;31m&#34;not found&#34;[0m [0;90m(5875ms)[0m">    at Object.Submit Regular Payment (/Users/tom/Projects/nzf/tests/test.js:34:14)
    at processTicksAndRejections (internal/process/task_queues.js:94:5)</failure>

    
      <failure message="    at Object.Submit Regular Payment (/Users/tom/Projects/nzf/tests/test.js:34:14)">    at processTicksAndRejections (internal/process/task_queues.js:94:5)</failure>
      <error message="Timed out while waiting for element &lt;#your-zakat-calculation&gt; to be present for 5000 milliseconds. - expected [0;32m&#34;visible&#34;[0m but got: [0;31m&#34;not found&#34;[0m [0;90m(5875ms)[0m" type="error">    at processTicksAndRejections (internal/process/task_queues.js:94:5)</error>
    
    </testcase>
  

  
    <system-err>
      [0;31m  NoSuchElementError: An error occurred while running .setValue() command on &lt;input[name=&#34;Cash in hand&#34;]&gt;: undefined; undefined
   {&#34;sessionId&#34;:&#34;e7a0c469fb1497bbdf6b5c545e07a5e9&#34;,&#34;status&#34;:0,&#34;value&#34;:[]}[0m
[0;90m       at processTicksAndRejections (internal/process/task_queues.js:94:5)[0m
    </system-err>
  

  
  </testsuite>
</testsuites>
