<?xml version="1.0" encoding="UTF-8" ?>
<testsuites errors="1"
            failures="1"
            tests="1">

  <testsuite name="test"
    errors="1" failures="1" hostname="" id="" package="test" skipped="0"
    tests="1" time="10.34" timestamp="">
  
    <testcase name="Submit Regular Payment" classname="test" time="10.34" assertions="1">  <failure message="Timed out while waiting for element &lt;#your-zakat-calculation&gt; to be present for 5000 milliseconds. - expected [0;32m&#34;visible&#34;[0m but got: [0;31m&#34;not found&#34;[0m [0;90m(5039ms)[0m">    at Object.Submit Regular Payment (/Users/tom/Projects/nzf/tests/test.js:35:14)
    at processTicksAndRejections (internal/process/task_queues.js:94:5)</failure>

    
      <failure message="    at Object.Submit Regular Payment (/Users/tom/Projects/nzf/tests/test.js:35:14)">    at processTicksAndRejections (internal/process/task_queues.js:94:5)</failure>
      <error message="Timed out while waiting for element &lt;#your-zakat-calculation&gt; to be present for 5000 milliseconds. - expected [0;32m&#34;visible&#34;[0m but got: [0;31m&#34;not found&#34;[0m [0;90m(5039ms)[0m" type="error">    at processTicksAndRejections (internal/process/task_queues.js:94:5)</error>
    
    </testcase>
  

  
    <system-err>
      [0;31m  NoSuchElementError: An error occurred while running .setValue() command on &lt;input[name=&#34;Cash in hand&#34;]&gt;: ; Tried to run command without establishing a connection
   {&#34;status&#34;:-1,&#34;state&#34;:&#34;&#34;,&#34;value&#34;:{&#34;error&#34;:[],&#34;message&#34;:&#34;Tried to run command without establishing a connection&#34;},&#34;errorStatus&#34;:&#34;&#34;,&#34;error&#34;:&#34;Unknown command 404 Not Found&#34;,&#34;httpStatusCode&#34;:404}[0m
[0;90m       at processTicksAndRejections (internal/process/task_queues.js:94:5)[0m
    </system-err>
  

  
  </testsuite>
</testsuites>
